This is pdfTeX, Version 3.14159265-2.6-1.40.17 (TeX Live 2016) (preloaded format=pdflatex 2017.1.4)  2 MAR 2017 11:57
entering extended mode
 restricted \write18 enabled.
 file:line:error style messages enabled.
 %&-line parsing enabled.
**EVS.tex
(./EVS.tex
LaTeX2e <2016/03/31>
Babel <3.9r> and hyphenation patterns for 83 language(s) loaded.
\@input{./EVS/alcanceSistema.aux}
./EVS.tex:1: I can't write on file `./EVS/alcanceSistema.aux'.
\@include ...\immediate \openout \@partaux #1.aux 
                                                  \immediate \write \@partau...
l.1 \include{./EVS/alcanceSistema}
                                  
(Press Enter to retry, or Control-D to exit; default file extension is `.tex')
Please type another output file name
./EVS.tex:1: Emergency stop.
\@include ...\immediate \openout \@partaux #1.aux 
                                                  \immediate \write \@partau...
l.1 \include{./EVS/alcanceSistema}
                                  
*** (job aborted, file error in nonstop mode)

 
Here is how much of TeX's memory you used:
 7 strings out of 493014
 131 string characters out of 6133352
 53601 words of memory out of 5000000
 3648 multiletter control sequences out of 15000+600000
 3640 words of font info for 14 fonts, out of 8000000 for 9000
 1141 hyphenation exceptions out of 8191
 9i,0n,4p,40b,12s stack positions out of 5000i,500n,10000p,200000b,80000s
./EVS.tex:1:  ==> Fatal error occurred, no output PDF file produced!
